<?xml version="1.0" encoding="UTF-8"?>
<!-- Generated by org.testng.reporters.JUnitReportReporter -->
<testsuite hostname="Shruthis-MacBook-Pro.local" failures="0" tests="1" name="AppiumDemo.Appium.SwipeDemo" time="6.023" errors="0" timestamp="2024-08-14T19:56:36 IST" skipped="0">
  <testcase classname="AppiumDemo.Appium.SwipeDemo" name="SwipeGesture" time="6.023"/>
</testsuite> <!-- AppiumDemo.Appium.SwipeDemo -->
