<?xml version="1.0" encoding="UTF-8"?>
<!-- Generated by org.testng.reporters.JUnitReportReporter -->
<testsuite hostname="Shruthis-MacBook-Pro.local" failures="0" tests="1" name="AppiumDemo.Appium.eCommerce_tc_2" time="7.177" errors="0" timestamp="2024-08-15T07:07:58 IST" skipped="0">
  <testcase classname="AppiumDemo.Appium.eCommerce_tc_2" name="FillForm" time="7.177"/>
</testsuite> <!-- AppiumDemo.Appium.eCommerce_tc_2 -->
