<?xml version="1.0" encoding="UTF-8"?>
<!-- Generated by org.testng.reporters.JUnitReportReporter -->
<testsuite hostname="Shruthis-MacBook-Pro.local" failures="0" tests="1" name="AppiumDemo.Appium.AppiumBasics" time="5.872" errors="0" timestamp="2024-08-14T18:40:31 IST" skipped="0">
  <testcase classname="AppiumDemo.Appium.AppiumBasics" name="WifiSettingsName" time="5.872"/>
</testsuite> <!-- AppiumDemo.Appium.AppiumBasics -->
