<?xml version="1.0" encoding="UTF-8"?>
<!-- Generated by org.testng.reporters.JUnitReportReporter -->
<testsuite hostname="Shruthis-MacBook-Pro.local" failures="0" tests="1" name="AppiumDemo.Appium.DragDemo" time="4.473" errors="0" timestamp="2024-08-14T20:11:28 IST" skipped="0">
  <testcase classname="AppiumDemo.Appium.DragDemo" name="DragGesture" time="4.473"/>
</testsuite> <!-- AppiumDemo.Appium.DragDemo -->
