<?xml version="1.0" encoding="UTF-8"?>
<!-- Generated by org.testng.reporters.JUnitReportReporter -->
<testsuite hostname="Shruthis-MacBook-Pro.local" failures="0" tests="1" name="AppiumDemo.Appium.MissilineousAppiumActions" time="10.712" errors="0" timestamp="2024-08-14T20:37:18 IST" skipped="0">
  <testcase classname="AppiumDemo.Appium.MissilineousAppiumActions" name="Miscellanous" time="10.712"/>
</testsuite> <!-- AppiumDemo.Appium.MissilineousAppiumActions -->
