<?xml version="1.0" encoding="UTF-8"?>
<!-- Generated by org.testng.reporters.JUnitReportReporter -->
<testsuite hostname="Shruthis-MacBook-Pro.local" failures="0" tests="1" name="AppiumDemo.Appium.ScrollDemo" time="8.601" errors="0" timestamp="2024-08-14T19:31:24 IST" skipped="0">
  <testcase classname="AppiumDemo.Appium.ScrollDemo" name="ScrollDemoTest" time="8.601"/>
</testsuite> <!-- AppiumDemo.Appium.ScrollDemo -->
