<?xml version="1.0" encoding="UTF-8"?>
<!-- Generated by org.testng.reporters.JUnitReportReporter -->
<testsuite hostname="Shruthis-MacBook-Pro.local" failures="0" tests="1" name="AppiumDemo.Appium.eCommerce_tc_1" time="16.555" errors="0" timestamp="2024-11-27T15:48:09 IST" skipped="0">
  <testcase classname="AppiumDemo.Appium.eCommerce_tc_1" name="fillForm" time="16.555"/>
</testsuite> <!-- AppiumDemo.Appium.eCommerce_tc_1 -->
