<?xml version="1.0" encoding="UTF-8"?>
<!-- Generated by org.testng.reporters.JUnitReportReporter -->
<testsuite hostname="Shruthis-MacBook-Pro.local" failures="0" tests="1" name="AppiumDemo.Appium.eCommerce_tc_3" time="16.823" errors="0" timestamp="2024-08-16T19:38:43 IST" skipped="0">
  <testcase classname="AppiumDemo.Appium.eCommerce_tc_3" name="FillForm" time="16.823"/>
</testsuite> <!-- AppiumDemo.Appium.eCommerce_tc_3 -->
